@prefix : <http://www.semanticblockchain.com/Blondie.owl#> .
@prefix CS-586: <CS-586#> .
@prefix blondie: <http://www.semanticblockchain.com/Blondie.owl#> .
@prefix owl: <http://www.w3.org/2002/07/owl#> .
@prefix rdf: <http://www.w3.org/1999/02/22-rdf-syntax-ns#> .
@prefix rdfs: <http://www.w3.org/2000/01/rdf-schema#> .
@prefix xml: <http://www.w3.org/XML/1998/namespace> .
@prefix xsd: <http://www.w3.org/2001/XMLSchema#> .

CS-586:block_68730660x80e4bb1903a84f5e82da63c87b34ecf2c64e215b8af087161285e8a110de384f a blondie:EthereumBlock ;
    blondie:hasEthereumBlockheaderBlock CS-586:block_header68730660x80e4bb1903a84f5e82da63c87b34ecf2c64e215b8af087161285e8a110de384f .

<http://www.semanticblockchain.com/Blondie.owl> a owl:Ontology ;
    rdfs:comment "Blockchain Ontology with Dynamic Extensibilty - An ontology for describing blockchain structure and related information"@en .

blondie:addressEthereumAccount a owl:DatatypeProperty ;
    rdfs:domain blondie:EthereumAccount ;
    rdfs:range xsd:string .

blondie:balanceEthereumAccount a owl:DatatypeProperty ;
    rdfs:comment "A scalar value equal to the number of Wei owned by this address." ;
    rdfs:domain blondie:EthereumAccount ;
    rdfs:range xsd:decimal .

blondie:beneficiaryEthereumBlockheader a owl:DatatypeProperty ;
    rdfs:domain blondie:EthereumBlockheader ;
    rdfs:range xsd:string .

blondie:block_12251455 a blondie:EthereumBlock,
        owl:NamedIndividual ;
    blondie:heightBlock 65255 .

blondie:codeHashContractEthereumAccount a owl:DatatypeProperty ;
    rdfs:comment "The hash of the EVM code of this account this is the code that gets executed should this address receive a message call; it is immutable and thus, unlike all other fields, cannot be changed after construction. All such code fragments are contained in the state database under their corresponding hashes for later retrieval." ;
    rdfs:domain blondie:ContractEthereumAccount ;
    rdfs:range xsd:string .

blondie:dataMessageCallEthereumTransaction a owl:DatatypeProperty ;
    rdfs:domain blondie:MessageCallEthereumTransaction ;
    rdfs:range xsd:string .

blondie:difficultyBlockheader a owl:DatatypeProperty ;
    rdfs:domain blondie:Blockheader ;
    rdfs:range xsd:decimal .

blondie:extraDataEthereumBlockheader a owl:DatatypeProperty ;
    rdfs:domain blondie:EthereumBlockheader ;
    rdfs:range xsd:string .

blondie:gasLimitEthereumBlockheader a owl:DatatypeProperty ;
    rdfs:domain blondie:EthereumBlockheader ;
    rdfs:range xsd:decimal .

blondie:gasLimitEthereumTransaction a owl:DatatypeProperty ;
    rdfs:comment "A scalar value equal to the maximum amount of gas that should be used in executing this transaction. This is paid up-front, before any computation is done and may not be increased later." ;
    rdfs:domain blondie:EthereumTransaction ;
    rdfs:range xsd:decimal .

blondie:gasPriceEthereumTransaction a owl:DatatypeProperty ;
    rdfs:comment "A scalar value equal to the number of Wei to be paid per unit of gas for all computation costs incurred as a result of the execution of this transaction." ;
    rdfs:domain blondie:EthereumTransaction ;
    rdfs:range xsd:decimal .

blondie:gasUsedEthereumBlockheader a owl:DatatypeProperty ;
    rdfs:domain blondie:EthereumBlockheader ;
    rdfs:range xsd:decimal .

blondie:hasBitcoinBlockheaderBlock a owl:AsymmetricProperty,
        owl:FunctionalProperty,
        owl:InverseFunctionalProperty,
        owl:IrreflexiveProperty,
        owl:ObjectProperty ;
    rdfs:domain blondie:BitcoinBlock ;
    rdfs:range blondie:BitcoinBlockheader .

blondie:hasBitcoinPayloadBlock a owl:FunctionalProperty,
        owl:IrreflexiveProperty,
        owl:ObjectProperty ;
    rdfs:domain blondie:BitcoinBlock ;
    rdfs:range blondie:BitcoinPayload .

blondie:hasBitcoinTransactionInput a owl:IrreflexiveProperty,
        owl:ObjectProperty ;
    rdfs:domain blondie:BitcoinTransaction ;
    rdfs:range blondie:BitcoinTransactionInput .

blondie:hasBitcoinTransactionOutput a owl:IrreflexiveProperty,
        owl:ObjectProperty ;
    rdfs:domain blondie:BitcoinTransaction ;
    rdfs:range blondie:BitcoinTransactionOutput .

blondie:hasBlockheaderBlock a owl:AsymmetricProperty,
        owl:FunctionalProperty,
        owl:InverseFunctionalProperty,
        owl:IrreflexiveProperty,
        owl:ObjectProperty ;
    rdfs:domain blondie:Block ;
    rdfs:range blondie:Blockheader .

blondie:hasEthereumBlockheaderBlock a owl:AsymmetricProperty,
        owl:FunctionalProperty,
        owl:InverseFunctionalProperty,
        owl:IrreflexiveProperty,
        owl:ObjectProperty ;
    rdfs:domain blondie:EthereumBlock ;
    rdfs:range blondie:EthereumBlockheader .

blondie:hasEthereumPayloadBlock a owl:AsymmetricProperty,
        owl:FunctionalProperty,
        owl:InverseFunctionalProperty,
        owl:IrreflexiveProperty,
        owl:ObjectProperty ;
    rdfs:domain blondie:EthereumBlock ;
    rdfs:range blondie:EthereumPayload .

blondie:hasEthereumTransactionPayload a owl:AsymmetricProperty,
        owl:FunctionalProperty,
        owl:InverseFunctionalProperty,
        owl:IrreflexiveProperty,
        owl:ObjectProperty ;
    rdfs:domain blondie:EthereumPayload ;
    rdfs:range blondie:EthereumTransaction .

blondie:hasOmmerEthereumPayload a owl:FunctionalProperty,
        owl:IrreflexiveProperty,
        owl:ObjectProperty ;
    rdfs:domain blondie:EthereumPayload ;
    rdfs:range blondie:EthereumOmmerBlockheader .

blondie:hasPayloadBlock a owl:AsymmetricProperty,
        owl:FunctionalProperty,
        owl:InverseFunctionalProperty,
        owl:IrreflexiveProperty,
        owl:ObjectProperty ;
    rdfs:domain blondie:Block ;
    rdfs:range blondie:Payload .

blondie:hasTransactionPayload a owl:FunctionalProperty,
        owl:IrreflexiveProperty,
        owl:ObjectProperty ;
    rdfs:domain blondie:Payload ;
    rdfs:range blondie:Transaction .

blondie:hashBitcoinTransactionInput a owl:DatatypeProperty ;
    rdfs:domain blondie:BitcoinTransactionInput ;
    rdfs:range xsd:string .

blondie:hashPreviousBlockheader a owl:DatatypeProperty ;
    rdfs:domain blondie:Blockheader ;
    rdfs:range xsd:string .

blondie:heightBlock a owl:DatatypeProperty ;
    rdfs:domain blondie:Block ;
    rdfs:range xsd:decimal .

blondie:indexBitcoinTransactionInput a owl:DatatypeProperty ;
    rdfs:domain blondie:BitcoinTransactionInput ;
    rdfs:range xsd:decimal .

blondie:initContractCreationEthereumTransaction a owl:DatatypeProperty ;
    rdfs:domain blondie:ContractCreationEthereumTransaction ;
    rdfs:range xsd:string .

blondie:lockTimeBitcoinTransaction a owl:DatatypeProperty ;
    rdfs:domain blondie:BitcoinTransaction ;
    rdfs:range xsd:decimal .

blondie:logsBloomEthereumBlockheader a owl:DatatypeProperty ;
    rdfs:domain blondie:EthereumBlockheader ;
    rdfs:range xsd:string .

blondie:merkleRootBlockheader a owl:DatatypeProperty ;
    rdfs:domain blondie:Blockheader ;
    rdfs:range xsd:string .

blondie:minerBlock a owl:DatatypeProperty ;
    rdfs:domain blondie:Block ;
    rdfs:range xsd:string .

blondie:mixHashEthereumBlockheader a owl:DatatypeProperty ;
    rdfs:domain blondie:EthereumBlockheader ;
    rdfs:range xsd:string .

blondie:nSequenceBitcoinTransactionInput a owl:DatatypeProperty ;
    rdfs:domain blondie:BitcoinTransactionInput ;
    rdfs:range xsd:decimal .

blondie:nValueBitcoinTransactionOutput a owl:DatatypeProperty ;
    rdfs:domain blondie:BitcoinTransactionOutput ;
    rdfs:range xsd:decimal .

blondie:nonceBlockheader a owl:DatatypeProperty ;
    rdfs:domain blondie:Blockheader ;
    rdfs:range xsd:decimal .

blondie:nonceEthereumAccount a owl:DatatypeProperty ;
    rdfs:comment "A scalar value equal to the number of transactions sent from this address or, in the case of accounts with associated code, the number of contract-creations made by this account." ;
    rdfs:domain blondie:EthereumAccount ;
    rdfs:range xsd:decimal .

blondie:nonceEthereumTransaction a owl:DatatypeProperty ;
    rdfs:comment "A scalar value equal to the number of transactions sent by the sender." ;
    rdfs:domain blondie:EthereumTransaction ;
    rdfs:range xsd:decimal .

blondie:numberAncestorsEthereumBlockheader a owl:DatatypeProperty ;
    rdfs:domain blondie:EthereumBlockheader ;
    rdfs:range xsd:decimal .

blondie:numberInputTransactionsBitcoinTransaction a owl:DatatypeProperty ;
    rdfs:domain blondie:BitcoinTransaction ;
    rdfs:range xsd:decimal .

blondie:numberOutputTransactionsBitcoinTransaction a owl:DatatypeProperty ;
    rdfs:domain blondie:BitcoinTransaction ;
    rdfs:range xsd:decimal .

blondie:numberTransactionsBitcoinPayload a owl:DatatypeProperty ;
    rdfs:domain blondie:BitcoinPayload ;
    rdfs:range xsd:decimal .

blondie:omnersHashEthereumBlockheader a owl:DatatypeProperty ;
    rdfs:domain blondie:EthereumBlockheader ;
    rdfs:range xsd:string .

blondie:rEthereumTransaction a owl:DatatypeProperty ;
    rdfs:domain blondie:EthereumTransaction ;
    rdfs:range xsd:decimal .

blondie:receiptsRootEthereumBlockheader a owl:DatatypeProperty ;
    rdfs:domain blondie:EthereumBlockheader ;
    rdfs:range xsd:string .

blondie:recipientEthereumTransaction a owl:DatatypeProperty ;
    rdfs:domain blondie:EthereumTransaction ;
    rdfs:range xsd:string .

blondie:sEthereumTransaction a owl:DatatypeProperty ;
    rdfs:domain blondie:EthereumTransaction ;
    rdfs:range xsd:decimal .

blondie:scriptPubkeyBitcoinTransactionOutput a owl:DatatypeProperty ;
    rdfs:domain blondie:BitcoinTransactionOutput ;
    rdfs:range xsd:string .

blondie:scriptPubkeyLenBitcoinTransactionOutput a owl:DatatypeProperty ;
    rdfs:domain blondie:BitcoinTransactionOutput ;
    rdfs:range xsd:string .

blondie:scriptSigLenBitcoinTransactionInput a owl:DatatypeProperty ;
    rdfs:domain blondie:BitcoinTransactionInput ;
    rdfs:range xsd:string .

blondie:scriptSignBitcoinTransactionInput a owl:DatatypeProperty ;
    rdfs:domain blondie:BitcoinTransactionInput ;
    rdfs:range xsd:string .

blondie:senderTransaction a owl:DatatypeProperty ;
    rdfs:domain blondie:Transaction ;
    rdfs:range xsd:string .

blondie:stateBlock a owl:DatatypeProperty ;
    rdfs:domain blondie:Block ;
    rdfs:range xsd:string .

blondie:storageRootContractEthereumAccount a owl:DatatypeProperty ;
    rdfs:comment """A 256-bit hash of the root node of a Merkle Patricia tree that encodes the storage contents
of the account (a mapping between 256-bit integer values), encoded into the trie as a mapping
from the Keccak 256-bit hash of the 256-bit integer keys to the RLP-encoded 256-bit integer values.""" ;
    rdfs:domain blondie:ContractEthereumAccount ;
    rdfs:range xsd:string .

blondie:timestampBlockheader a owl:DatatypeProperty ;
    rdfs:domain blondie:Blockheader ;
    rdfs:range xsd:decimal .

blondie:totalCoinsBlock a owl:DatatypeProperty ;
    rdfs:domain blondie:Block ;
    rdfs:range xsd:decimal .

blondie:totalTransactionsBlock a owl:DatatypeProperty ;
    rdfs:domain blondie:Block ;
    rdfs:range xsd:decimal .

blondie:transactionRootEthereumBlockheader a owl:DatatypeProperty ;
    rdfs:domain blondie:EthereumBlockheader ;
    rdfs:range xsd:string .

blondie:vEthereumTransaction a owl:DatatypeProperty ;
    rdfs:domain blondie:EthereumTransaction ;
    rdfs:range xsd:decimal .

blondie:valueEthereumTransaction a owl:DatatypeProperty ;
    rdfs:comment "A scalar value equal to the number of Wei to be transferred to the message call's recipient or, in the case of contract creation, as an endowment to the newly created account" ;
    rdfs:domain blondie:EthereumTransaction ;
    rdfs:range xsd:decimal .

blondie:versionBitcoinBlockheader a owl:DatatypeProperty ;
    rdfs:domain blondie:BitcoinBlockheader ;
    rdfs:range xsd:decimal .

blondie:versionBitcoinTransaction a owl:DatatypeProperty ;
    rdfs:domain blondie:BitcoinTransaction ;
    rdfs:range xsd:decimal .

CS-586:block_header68730660x80e4bb1903a84f5e82da63c87b34ecf2c64e215b8af087161285e8a110de384f a blondie:EthereumBlockheader ;
    blondie:difficultyBlockheader 2268769954562504 ;
    blondie:extraDataEthereumBlockheader "sparkpool-eth-tw" ;
    blondie:gasLimitEthereumBlockheader 8000029 ;
    blondie:gasUsedEthereumBlockheader 7993344 ;
    blondie:hashPreviousBlockheader "0x9efd3f8ac715ad0369a5b29b05ff8498950f907aa74d346e9a93ff811a35022b" ;
    blondie:logsBloomEthereumBlockheader "0x41082c114000200841c2410a40010a00800220280824029003102144020602762f490002403080010108042002040050e23000069b8501418160240002061040c10400010002020320040008083060110884c70080000000020d25888301440c011132120206e4210340485840001e41001039318101084001900211108800c0006a20010001020420d8008213200098104001210013005e20408106220044050b1c200040a010010028081008008060600018a8800008200808028338402414c03804070c08000110119a12240200c0c0282a210068cb00024402104547a1c1100b210261c24821004054842c35a48143c00841a81054401800500000202100" ;
    blondie:mixHashEthereumBlockheader "0x9680b92eae6dc1f7ca9b00545b53e336505387ae9ddeb1c13b53e1448b3e95eb" ;
    blondie:numberAncestorsEthereumBlockheader 6873066 ;
    blondie:receiptsRootEthereumBlockheader "0x31260e86285f35385b6d8be86c1bb76801bf3f44ac39211668810e74a70f2c18" ;
    blondie:timestampBlockheader 1544619741 ;
    blondie:transactionRootEthereumBlockheader "0xc528d8185ec89b3bf2f76c64ea3caddace91b796a7edcbbfafb45ce2000b92e5" .

blondie:NormalAccount a owl:Class ;
    rdfs:subClassOf blondie:EthereumAccount .

blondie:NormalEthereumTransaction a owl:Class ;
    rdfs:subClassOf blondie:EthereumTransaction .

blondie:BitcoinBlock a owl:Class ;
    rdfs:comment "Bitcoin block." ;
    rdfs:subClassOf blondie:Block ;
    owl:disjointWith blondie:EthereumBlock .

blondie:BitcoinBlockheader a owl:Class ;
    rdfs:comment "An 80-byte header belonging to a single block which is hashed repeatedly to create proof of work." ;
    rdfs:subClassOf blondie:Blockheader ;
    owl:disjointWith blondie:EthereumBlockheader .

blondie:BitcoinPayload a owl:Class ;
    rdfs:subClassOf blondie:Payload ;
    owl:disjointWith blondie:EthereumPayload .

blondie:ContractCreationEthereumTransaction a owl:Class ;
    rdfs:subClassOf blondie:EthereumTransaction .

blondie:ContractEthereumAccount a owl:Class ;
    rdfs:subClassOf blondie:EthereumAccount ;
    owl:disjointWith blondie:NormalAccount .

blondie:EthereumOmmerBlockheader a owl:Class ;
    rdfs:subClassOf blondie:EthereumBlockheader .

blondie:MessageCallEthereumTransaction a owl:Class ;
    rdfs:subClassOf blondie:EthereumTransaction .

blondie:EthereumPayload a owl:Class ;
    rdfs:subClassOf blondie:Payload .

blondie:EthereumBlock a owl:Class ;
    rdfs:comment "Ethereum block" ;
    rdfs:subClassOf blondie:Block .

blondie:BitcoinTransaction a owl:Class ;
    rdfs:subClassOf blondie:Transaction ;
    owl:disjointWith blondie:EthereumTransaction .

blondie:BitcoinTransactionOutput a owl:Class ;
    rdfs:comment "Bitcoin output transaction" .

blondie:Payload a owl:Class .

blondie:Transaction a owl:Class .

blondie:EthereumAccount a owl:Class .

blondie:BitcoinTransactionInput a owl:Class ;
    rdfs:comment "Bitcoin input transaction" .

blondie:Blockheader a owl:Class ;
    rdfs:comment "" .

blondie:Block a owl:Class ;
    rdfs:comment "Set of transactions with the same timestamp." .

blondie:EthereumTransaction a owl:Class ;
    rdfs:subClassOf blondie:Transaction .

blondie:EthereumBlockheader a owl:Class ;
    rdfs:subClassOf blondie:Blockheader .

[] a owl:AllDisjointClasses ;
    owl:members ( blondie:BitcoinTransactionInput blondie:BitcoinTransactionOutput blondie:Block blondie:Blockheader blondie:EthereumAccount blondie:EthereumOmmerBlockheader blondie:Payload blondie:Transaction ) .

[] a owl:AllDisjointClasses ;
    owl:members ( blondie:BitcoinTransactionInput blondie:BitcoinTransactionOutput blondie:Block blondie:Blockheader blondie:EthereumAccount blondie:Payload blondie:Transaction ) .

[] a owl:AllDisjointClasses ;
    owl:members ( blondie:ContractCreationEthereumTransaction blondie:MessageCallEthereumTransaction blondie:NormalEthereumTransaction ) .

